Flow report for datapath
Fri Mar 30 02:58:28 2018
Quartus Prime Version 16.0.0 Build 211 04/27/2016 SJ Lite Edition


---------------------
; Table of Contents ;
---------------------
  1. Legal Notice
  2. Flow Summary
  3. Flow Settings
  4. Flow Non-Default Global Settings
  5. Flow Elapsed Time
  6. Flow OS Summary
  7. Flow Log
  8. Flow Messages
  9. Flow Suppressed Messages



----------------
; Legal Notice ;
----------------
Copyright (C) 1991-2016 Altera Corporation. All rights reserved.
Your use of Altera Corporation's design tools, logic functions 
and other software and tools, and its AMPP partner logic 
functions, and any output files from any of the foregoing 
(including device programming or simulation files), and any 
associated documentation or information are expressly subject 
to the terms and conditions of the Altera Program License 
Subscription Agreement, the Altera Quartus Prime License Agreement,
the Altera MegaCore Function License Agreement, or other 
applicable license agreement, including, without limitation, 
that your use is for the sole purpose of programming logic 
devices manufactured by Altera and sold by Altera or its 
authorized distributors.  Please refer to the applicable 
agreement for further details.



+----------------------------------------------------------------------------------+
; Flow Summary                                                                     ;
+------------------------------------+---------------------------------------------+
; Flow Status                        ; Successful - Fri Mar 30 02:58:28 2018       ;
; Quartus Prime Version              ; 16.0.0 Build 211 04/27/2016 SJ Lite Edition ;
; Revision Name                      ; datapath                                    ;
; Top-level Entity Name              ; lab1_datapath                               ;
; Family                             ; Cyclone IV E                                ;
; Device                             ; EP4CE22F17C6                                ;
; Timing Models                      ; Final                                       ;
; Total logic elements               ; 40 / 22,320 ( < 1 % )                       ;
;     Total combinational functions  ; 40 / 22,320 ( < 1 % )                       ;
;     Dedicated logic registers      ; 32 / 22,320 ( < 1 % )                       ;
; Total registers                    ; 32                                          ;
; Total pins                         ; 21 / 154 ( 14 % )                           ;
; Total virtual pins                 ; 0                                           ;
; Total memory bits                  ; 0 / 608,256 ( 0 % )                         ;
; Embedded Multiplier 9-bit elements ; 0 / 132 ( 0 % )                             ;
; Total PLLs                         ; 0 / 4 ( 0 % )                               ;
+------------------------------------+---------------------------------------------+


+-----------------------------------------+
; Flow Settings                           ;
+-------------------+---------------------+
; Option            ; Setting             ;
+-------------------+---------------------+
; Start date & time ; 03/30/2018 02:58:08 ;
; Main task         ; Compilation         ;
; Revision Name     ; datapath            ;
+-------------------+---------------------+


+-----------------------------------------------------------------------------------------------------------------------+
; Flow Non-Default Global Settings                                                                                      ;
+-------------------------------------+--------------------------------+---------------+---------------+----------------+
; Assignment Name                     ; Value                          ; Default Value ; Entity Name   ; Section Id     ;
+-------------------------------------+--------------------------------+---------------+---------------+----------------+
; COMPILER_SIGNATURE_ID               ; 48710639141546.152236788808764 ; --            ; --            ; --             ;
; EDA_OUTPUT_DATA_FORMAT              ; Verilog Hdl                    ; --            ; --            ; eda_simulation ;
; EDA_SIMULATION_TOOL                 ; ModelSim-Altera (Verilog)      ; <None>        ; --            ; --             ;
; EDA_TIME_SCALE                      ; 1 ps                           ; --            ; --            ; eda_simulation ;
; MAX_CORE_JUNCTION_TEMP              ; 85                             ; --            ; --            ; --             ;
; MIN_CORE_JUNCTION_TEMP              ; 0                              ; --            ; --            ; --             ;
; NOMINAL_CORE_SUPPLY_VOLTAGE         ; 1.2V                           ; --            ; --            ; --             ;
; PARTITION_COLOR                     ; 16764057                       ; --            ; lab1_datapath ; Top            ;
; PARTITION_FITTER_PRESERVATION_LEVEL ; PLACEMENT_AND_ROUTING          ; --            ; lab1_datapath ; Top            ;
; PARTITION_NETLIST_TYPE              ; SOURCE                         ; --            ; lab1_datapath ; Top            ;
; PROJECT_OUTPUT_DIRECTORY            ; output_files                   ; --            ; --            ; --             ;
; TOP_LEVEL_ENTITY                    ; lab1_datapath                  ; datapath      ; --            ; --             ;
+-------------------------------------+--------------------------------+---------------+---------------+----------------+


+-------------------------------------------------------------------------------------------------------------------------------+
; Flow Elapsed Time                                                                                                             ;
+---------------------------+--------------+-------------------------+---------------------+------------------------------------+
; Module Name               ; Elapsed Time ; Average Processors Used ; Peak Virtual Memory ; Total CPU Time (on all processors) ;
+---------------------------+--------------+-------------------------+---------------------+------------------------------------+
; Analysis & Synthesis      ; 00:00:09     ; 1.0                     ; 910 MB              ; 00:00:18                           ;
; Fitter                    ; 00:00:04     ; 1.0                     ; 1722 MB             ; 00:00:05                           ;
; Assembler                 ; 00:00:01     ; 1.0                     ; 811 MB              ; 00:00:01                           ;
; TimeQuest Timing Analyzer ; 00:00:01     ; 1.0                     ; 941 MB              ; 00:00:01                           ;
; EDA Netlist Writer        ; 00:00:01     ; 1.0                     ; 777 MB              ; 00:00:01                           ;
; Total                     ; 00:00:16     ; --                      ; --                  ; 00:00:26                           ;
+---------------------------+--------------+-------------------------+---------------------+------------------------------------+


+----------------------------------------------------------------------------------------+
; Flow OS Summary                                                                        ;
+---------------------------+------------------+-----------+------------+----------------+
; Module Name               ; Machine Hostname ; OS Name   ; OS Version ; Processor type ;
+---------------------------+------------------+-----------+------------+----------------+
; Analysis & Synthesis      ; AhmetSalih-PC    ; Windows 8 ; 6.2        ; x86_64         ;
; Fitter                    ; AhmetSalih-PC    ; Windows 8 ; 6.2        ; x86_64         ;
; Assembler                 ; AhmetSalih-PC    ; Windows 8 ; 6.2        ; x86_64         ;
; TimeQuest Timing Analyzer ; AhmetSalih-PC    ; Windows 8 ; 6.2        ; x86_64         ;
; EDA Netlist Writer        ; AhmetSalih-PC    ; Windows 8 ; 6.2        ; x86_64         ;
+---------------------------+------------------+-----------+------------+----------------+


------------
; Flow Log ;
------------
quartus_map --read_settings_files=on --write_settings_files=off datapath -c datapath
quartus_fit --read_settings_files=off --write_settings_files=off datapath -c datapath
quartus_asm --read_settings_files=off --write_settings_files=off datapath -c datapath
quartus_sta datapath -c datapath
quartus_eda --read_settings_files=off --write_settings_files=off datapath -c datapath



