Analysis & Synthesis report for lab4
Fri May 11 05:01:39 2018
Quartus Prime Version 16.0.0 Build 211 04/27/2016 SJ Lite Edition


---------------------
; Table of Contents ;
---------------------
  1. Legal Notice
  2. Analysis & Synthesis Summary
  3. Analysis & Synthesis Settings
  4. Parallel Compilation
  5. Analysis & Synthesis Source Files Read
  6. Analysis & Synthesis Resource Usage Summary
  7. Analysis & Synthesis Resource Utilization by Entity
  8. State Machine - |toplevel|processor:inst|controller:inst1|state
  9. User-Specified and Inferred Latches
 10. Registers Removed During Synthesis
 11. Removed Registers Triggering Further Register Optimizations
 12. General Register Statistics
 13. Multiplexer Restructuring Statistics (Restructuring Performed)
 14. Parameter Settings for User Entity Instance: processor:inst|controller:inst1
 15. Parameter Settings for User Entity Instance: processor:inst|controller:inst1|Reg_WE:flagreg1
 16. Parameter Settings for User Entity Instance: processor:inst|controller:inst1|Reg_WE:flagreg0
 17. Parameter Settings for User Entity Instance: processor:inst|datapath:inst|Mux2to1:Addrsrc_mux
 18. Parameter Settings for User Entity Instance: processor:inst|datapath:inst|Reg_WE:PC
 19. Parameter Settings for User Entity Instance: processor:inst|datapath:inst|Mux4to1:PCSrc_mux
 20. Parameter Settings for User Entity Instance: processor:inst|datapath:inst|Mux4to1:result_mux
 21. Parameter Settings for User Entity Instance: processor:inst|datapath:inst|Reg_Simple:result
 22. Parameter Settings for User Entity Instance: processor:inst|datapath:inst|ALU:inst14
 23. Parameter Settings for User Entity Instance: processor:inst|datapath:inst|Mux2to1:srcA_mux
 24. Parameter Settings for User Entity Instance: processor:inst|datapath:inst|Reg_Simple:data_A
 25. Parameter Settings for User Entity Instance: processor:inst|datapath:inst|Mux2to1:Regsrc1
 26. Parameter Settings for User Entity Instance: processor:inst|datapath:inst|Mux2to1:Regsrc2
 27. Parameter Settings for User Entity Instance: processor:inst|datapath:inst|Reg_WE:IR
 28. Parameter Settings for User Entity Instance: processor:inst|datapath:inst|Mux4to1:srcB_mux
 29. Parameter Settings for User Entity Instance: processor:inst|datapath:inst|Reg_Simple:data_B
 30. Parameter Settings for User Entity Instance: processor:inst|datapath:inst|constantValueGenerator:const1
 31. Parameter Settings for User Entity Instance: processor:inst|datapath:inst|Reg_Simple:DR
 32. Parameter Settings for User Entity Instance: processor:inst|datapath:inst|Reg_WE:LR
 33. Post-Synthesis Netlist Statistics for Top Partition
 34. Elapsed Time Per Partition
 35. Analysis & Synthesis Messages



----------------
; Legal Notice ;
----------------
Copyright (C) 1991-2016 Altera Corporation. All rights reserved.
Your use of Altera Corporation's design tools, logic functions 
and other software and tools, and its AMPP partner logic 
functions, and any output files from any of the foregoing 
(including device programming or simulation files), and any 
associated documentation or information are expressly subject 
to the terms and conditions of the Altera Program License 
Subscription Agreement, the Altera Quartus Prime License Agreement,
the Altera MegaCore Function License Agreement, or other 
applicable license agreement, including, without limitation, 
that your use is for the sole purpose of programming logic 
devices manufactured by Altera and sold by Altera or its 
authorized distributors.  Please refer to the applicable 
agreement for further details.



+----------------------------------------------------------------------------------+
; Analysis & Synthesis Summary                                                     ;
+------------------------------------+---------------------------------------------+
; Analysis & Synthesis Status        ; Successful - Fri May 11 05:01:38 2018       ;
; Quartus Prime Version              ; 16.0.0 Build 211 04/27/2016 SJ Lite Edition ;
; Revision Name                      ; lab4                                        ;
; Top-level Entity Name              ; toplevel                                    ;
; Family                             ; Cyclone IV E                                ;
; Total logic elements               ; 68                                          ;
;     Total combinational functions  ; 68                                          ;
;     Dedicated logic registers      ; 31                                          ;
; Total registers                    ; 31                                          ;
; Total pins                         ; 14                                          ;
; Total virtual pins                 ; 0                                           ;
; Total memory bits                  ; 0                                           ;
; Embedded Multiplier 9-bit elements ; 0                                           ;
; Total PLLs                         ; 0                                           ;
+------------------------------------+---------------------------------------------+


+----------------------------------------------------------------------------------------------------------------------+
; Analysis & Synthesis Settings                                                                                        ;
+----------------------------------------------------------------------------+--------------------+--------------------+
; Option                                                                     ; Setting            ; Default Value      ;
+----------------------------------------------------------------------------+--------------------+--------------------+
; Device                                                                     ; EP4CE22F17C6       ;                    ;
; Top-level entity name                                                      ; toplevel           ; lab4               ;
; Family name                                                                ; Cyclone IV E       ; Cyclone V          ;
; Use smart compilation                                                      ; Off                ; Off                ;
; Enable parallel Assembler and TimeQuest Timing Analyzer during compilation ; On                 ; On                 ;
; Enable compact report table                                                ; Off                ; Off                ;
; Restructure Multiplexers                                                   ; Auto               ; Auto               ;
; Create Debugging Nodes for IP Cores                                        ; Off                ; Off                ;
; Preserve fewer node names                                                  ; On                 ; On                 ;
; Disable OpenCore Plus hardware evaluation                                  ; Off                ; Off                ;
; Verilog Version                                                            ; Verilog_2001       ; Verilog_2001       ;
; VHDL Version                                                               ; VHDL_1993          ; VHDL_1993          ;
; State Machine Processing                                                   ; Auto               ; Auto               ;
; Safe State Machine                                                         ; Off                ; Off                ;
; Extract Verilog State Machines                                             ; On                 ; On                 ;
; Extract VHDL State Machines                                                ; On                 ; On                 ;
; Ignore Verilog initial constructs                                          ; Off                ; Off                ;
; Iteration limit for constant Verilog loops                                 ; 5000               ; 5000               ;
; Iteration limit for non-constant Verilog loops                             ; 250                ; 250                ;
; Add Pass-Through Logic to Inferred RAMs                                    ; On                 ; On                 ;
; Infer RAMs from Raw Logic                                                  ; On                 ; On                 ;
; Parallel Synthesis                                                         ; On                 ; On                 ;
; DSP Block Balancing                                                        ; Auto               ; Auto               ;
; NOT Gate Push-Back                                                         ; On                 ; On                 ;
; Power-Up Don't Care                                                        ; On                 ; On                 ;
; Remove Redundant Logic Cells                                               ; Off                ; Off                ;
; Remove Duplicate Registers                                                 ; On                 ; On                 ;
; Ignore CARRY Buffers                                                       ; Off                ; Off                ;
; Ignore CASCADE Buffers                                                     ; Off                ; Off                ;
; Ignore GLOBAL Buffers                                                      ; Off                ; Off                ;
; Ignore ROW GLOBAL Buffers                                                  ; Off                ; Off                ;
; Ignore LCELL Buffers                                                       ; Off                ; Off                ;
; Ignore SOFT Buffers                                                        ; On                 ; On                 ;
; Limit AHDL Integers to 32 Bits                                             ; Off                ; Off                ;
; Optimization Technique                                                     ; Balanced           ; Balanced           ;
; Carry Chain Length                                                         ; 70                 ; 70                 ;
; Auto Carry Chains                                                          ; On                 ; On                 ;
; Auto Open-Drain Pins                                                       ; On                 ; On                 ;
; Perform WYSIWYG Primitive Resynthesis                                      ; Off                ; Off                ;
; Auto ROM Replacement                                                       ; On                 ; On                 ;
; Auto RAM Replacement                                                       ; On                 ; On                 ;
; Auto DSP Block Replacement                                                 ; On                 ; On                 ;
; Auto Shift Register Replacement                                            ; Auto               ; Auto               ;
; Allow Shift Register Merging across Hierarchies                            ; Auto               ; Auto               ;
; Auto Clock Enable Replacement                                              ; On                 ; On                 ;
; Strict RAM Replacement                                                     ; Off                ; Off                ;
; Allow Synchronous Control Signals                                          ; On                 ; On                 ;
; Force Use of Synchronous Clear Signals                                     ; Off                ; Off                ;
; Auto RAM Block Balancing                                                   ; On                 ; On                 ;
; Auto RAM to Logic Cell Conversion                                          ; Off                ; Off                ;
; Auto Resource Sharing                                                      ; Off                ; Off                ;
; Allow Any RAM Size For Recognition                                         ; Off                ; Off                ;
; Allow Any ROM Size For Recognition                                         ; Off                ; Off                ;
; Allow Any Shift Register Size For Recognition                              ; Off                ; Off                ;
; Use LogicLock Constraints during Resource Balancing                        ; On                 ; On                 ;
; Ignore translate_off and synthesis_off directives                          ; Off                ; Off                ;
; Timing-Driven Synthesis                                                    ; On                 ; On                 ;
; Report Parameter Settings                                                  ; On                 ; On                 ;
; Report Source Assignments                                                  ; On                 ; On                 ;
; Report Connectivity Checks                                                 ; On                 ; On                 ;
; Ignore Maximum Fan-Out Assignments                                         ; Off                ; Off                ;
; Synchronization Register Chain Length                                      ; 2                  ; 2                  ;
; PowerPlay Power Optimization During Synthesis                              ; Normal compilation ; Normal compilation ;
; HDL message level                                                          ; Level2             ; Level2             ;
; Suppress Register Optimization Related Messages                            ; Off                ; Off                ;
; Number of Removed Registers Reported in Synthesis Report                   ; 5000               ; 5000               ;
; Number of Swept Nodes Reported in Synthesis Report                         ; 5000               ; 5000               ;
; Number of Inverted Registers Reported in Synthesis Report                  ; 100                ; 100                ;
; Clock MUX Protection                                                       ; On                 ; On                 ;
; Auto Gated Clock Conversion                                                ; Off                ; Off                ;
; Block Design Naming                                                        ; Auto               ; Auto               ;
; SDC constraint protection                                                  ; Off                ; Off                ;
; Synthesis Effort                                                           ; Auto               ; Auto               ;
; Shift Register Replacement - Allow Asynchronous Clear Signal               ; On                 ; On                 ;
; Pre-Mapping Resynthesis Optimization                                       ; Off                ; Off                ;
; Analysis & Synthesis Message Level                                         ; Medium             ; Medium             ;
; Disable Register Merging Across Hierarchies                                ; Auto               ; Auto               ;
; Resource Aware Inference For Block RAM                                     ; On                 ; On                 ;
; Synthesis Seed                                                             ; 1                  ; 1                  ;
+----------------------------------------------------------------------------+--------------------+--------------------+


+------------------------------------------+
; Parallel Compilation                     ;
+----------------------------+-------------+
; Processors                 ; Number      ;
+----------------------------+-------------+
; Number detected on machine ; 4           ;
; Maximum allowed            ; 4           ;
;                            ;             ;
; Average used               ; 1.00        ;
; Maximum used               ; 4           ;
;                            ;             ;
; Usage by Processor         ; % Time Used ;
;     Processor 1            ; 100.0%      ;
;     Processor 2            ;   0.0%      ;
;     Processors 3-4         ;   0.0%      ;
+----------------------------+-------------+


+------------------------------------------------------------------------------------------------------------------------------------------------------------------------------------------------------------------+
; Analysis & Synthesis Source Files Read                                                                                                                                                                           ;
+---------------------------------------------------------------+-----------------+------------------------------------+---------------------------------------------------------------------------------+---------+
; File Name with User-Entered Path                              ; Used in Netlist ; File Type                          ; File Name with Absolute Path                                                    ; Library ;
+---------------------------------------------------------------+-----------------+------------------------------------+---------------------------------------------------------------------------------+---------+
; shifter.v                                                     ; yes             ; User Verilog HDL File              ; C:/Users/AhmetSalih/Documents/GitHub/446/Lab/Lab4/lab4/shifter.v                ;         ;
; regfile.v                                                     ; yes             ; User Verilog HDL File              ; C:/Users/AhmetSalih/Documents/GitHub/446/Lab/Lab4/lab4/regfile.v                ;         ;
; Reg_WE.v                                                      ; yes             ; User Verilog HDL File              ; C:/Users/AhmetSalih/Documents/GitHub/446/Lab/Lab4/lab4/Reg_WE.v                 ;         ;
; Reg_Simple.v                                                  ; yes             ; User Verilog HDL File              ; C:/Users/AhmetSalih/Documents/GitHub/446/Lab/Lab4/lab4/Reg_Simple.v             ;         ;
; Mux4to1.v                                                     ; yes             ; User Verilog HDL File              ; C:/Users/AhmetSalih/Documents/GitHub/446/Lab/Lab4/lab4/Mux4to1.v                ;         ;
; Mux2to1.v                                                     ; yes             ; User Verilog HDL File              ; C:/Users/AhmetSalih/Documents/GitHub/446/Lab/Lab4/lab4/Mux2to1.v                ;         ;
; dmem.v                                                        ; yes             ; User Verilog HDL File              ; C:/Users/AhmetSalih/Documents/GitHub/446/Lab/Lab4/lab4/dmem.v                   ;         ;
; constantValueGenerator.v                                      ; yes             ; User Verilog HDL File              ; C:/Users/AhmetSalih/Documents/GitHub/446/Lab/Lab4/lab4/constantValueGenerator.v ;         ;
; ALU.v                                                         ; yes             ; User Verilog HDL File              ; C:/Users/AhmetSalih/Documents/GitHub/446/Lab/Lab4/lab4/ALU.v                    ;         ;
; datapath.bdf                                                  ; yes             ; User Block Diagram/Schematic File  ; C:/Users/AhmetSalih/Documents/GitHub/446/Lab/Lab4/lab4/datapath.bdf             ;         ;
; controller.v                                                  ; yes             ; User Verilog HDL File              ; C:/Users/AhmetSalih/Documents/GitHub/446/Lab/Lab4/lab4/controller.v             ;         ;
; processor.bdf                                                 ; yes             ; User Block Diagram/Schematic File  ; C:/Users/AhmetSalih/Documents/GitHub/446/Lab/Lab4/lab4/processor.bdf            ;         ;
; toplevel.bdf                                                  ; yes             ; User Block Diagram/Schematic File  ; C:/Users/AhmetSalih/Documents/GitHub/446/Lab/Lab4/lab4/toplevel.bdf             ;         ;
; /users/ahmetsalih/documents/github/446/lab/lab3/lab3/data.txt ; yes             ; Auto-Found File                    ; /users/ahmetsalih/documents/github/446/lab/lab3/lab3/data.txt                   ;         ;
+---------------------------------------------------------------+-----------------+------------------------------------+---------------------------------------------------------------------------------+---------+


+---------------------------------------------------------+
; Analysis & Synthesis Resource Usage Summary             ;
+---------------------------------------------+-----------+
; Resource                                    ; Usage     ;
+---------------------------------------------+-----------+
; Estimated Total logic elements              ; 68        ;
;                                             ;           ;
; Total combinational functions               ; 68        ;
; Logic element usage by number of LUT inputs ;           ;
;     -- 4 input functions                    ; 5         ;
;     -- 3 input functions                    ; 31        ;
;     -- <=2 input functions                  ; 32        ;
;                                             ;           ;
; Logic elements by mode                      ;           ;
;     -- normal mode                          ; 60        ;
;     -- arithmetic mode                      ; 8         ;
;                                             ;           ;
; Total registers                             ; 31        ;
;     -- Dedicated logic registers            ; 31        ;
;     -- I/O registers                        ; 0         ;
;                                             ;           ;
; I/O pins                                    ; 14        ;
;                                             ;           ;
; Embedded Multiplier 9-bit elements          ; 0         ;
;                                             ;           ;
; Maximum fan-out node                        ; clk~input ;
; Maximum fan-out                             ; 31        ;
; Total fan-out                               ; 285       ;
; Average fan-out                             ; 2.24      ;
+---------------------------------------------+-----------+


+-----------------------------------------------------------------------------------------------------------------------------------------------------------------------------------------------------------------------------------+
; Analysis & Synthesis Resource Utilization by Entity                                                                                                                                                                               ;
+------------------------------+-------------------+--------------+-------------+--------------+---------+-----------+------+--------------+-----------------------------------------------------------+-------------+--------------+
; Compilation Hierarchy Node   ; LC Combinationals ; LC Registers ; Memory Bits ; DSP Elements ; DSP 9x9 ; DSP 18x18 ; Pins ; Virtual Pins ; Full Hierarchy Name                                       ; Entity Name ; Library Name ;
+------------------------------+-------------------+--------------+-------------+--------------+---------+-----------+------+--------------+-----------------------------------------------------------+-------------+--------------+
; |toplevel                    ; 68 (0)            ; 31 (0)       ; 0           ; 0            ; 0       ; 0         ; 14   ; 0            ; |toplevel                                                 ; toplevel    ; work         ;
;    |processor:inst|          ; 68 (0)            ; 31 (0)       ; 0           ; 0            ; 0       ; 0         ; 0    ; 0            ; |toplevel|processor:inst                                  ; processor   ; work         ;
;       |controller:inst1|     ; 14 (11)           ; 7 (3)        ; 0           ; 0            ; 0       ; 0         ; 0    ; 0            ; |toplevel|processor:inst|controller:inst1                 ; controller  ; work         ;
;          |Reg_WE:flagreg0|   ; 2 (2)             ; 2 (2)        ; 0           ; 0            ; 0       ; 0         ; 0    ; 0            ; |toplevel|processor:inst|controller:inst1|Reg_WE:flagreg0 ; Reg_WE      ; work         ;
;          |Reg_WE:flagreg1|   ; 1 (1)             ; 2 (2)        ; 0           ; 0            ; 0       ; 0         ; 0    ; 0            ; |toplevel|processor:inst|controller:inst1|Reg_WE:flagreg1 ; Reg_WE      ; work         ;
;       |datapath:inst|        ; 54 (0)            ; 24 (0)       ; 0           ; 0            ; 0       ; 0         ; 0    ; 0            ; |toplevel|processor:inst|datapath:inst                    ; datapath    ; work         ;
;          |ALU:inst14|        ; 13 (13)           ; 0 (0)        ; 0           ; 0            ; 0       ; 0         ; 0    ; 0            ; |toplevel|processor:inst|datapath:inst|ALU:inst14         ; ALU         ; work         ;
;          |Mux2to1:srcA_mux|  ; 8 (8)             ; 0 (0)        ; 0           ; 0            ; 0       ; 0         ; 0    ; 0            ; |toplevel|processor:inst|datapath:inst|Mux2to1:srcA_mux   ; Mux2to1     ; work         ;
;          |Mux4to1:srcB_mux|  ; 8 (8)             ; 0 (0)        ; 0           ; 0            ; 0       ; 0         ; 0    ; 0            ; |toplevel|processor:inst|datapath:inst|Mux4to1:srcB_mux   ; Mux4to1     ; work         ;
;          |Reg_Simple:data_A| ; 0 (0)             ; 8 (8)        ; 0           ; 0            ; 0       ; 0         ; 0    ; 0            ; |toplevel|processor:inst|datapath:inst|Reg_Simple:data_A  ; Reg_Simple  ; work         ;
;          |Reg_Simple:data_B| ; 8 (8)             ; 0 (0)        ; 0           ; 0            ; 0       ; 0         ; 0    ; 0            ; |toplevel|processor:inst|datapath:inst|Reg_Simple:data_B  ; Reg_Simple  ; work         ;
;          |Reg_WE:PC|         ; 9 (9)             ; 8 (8)        ; 0           ; 0            ; 0       ; 0         ; 0    ; 0            ; |toplevel|processor:inst|datapath:inst|Reg_WE:PC          ; Reg_WE      ; work         ;
;          |regfile:RF|        ; 8 (8)             ; 8 (8)        ; 0           ; 0            ; 0       ; 0         ; 0    ; 0            ; |toplevel|processor:inst|datapath:inst|regfile:RF         ; regfile     ; work         ;
+------------------------------+-------------------+--------------+-------------+--------------+---------+-----------+------+--------------+-----------------------------------------------------------+-------------+--------------+
Note: For table entries with two numbers listed, the numbers in parentheses indicate the number of resources of the given type used by the specific entity alone. The numbers listed outside of parentheses indicate the total resources of the given type used by the specific entity and all of its sub-entities in the hierarchy.


Encoding Type:  One-Hot
+---------------------------------------------------------------------------------------------------------------------------------------+
; State Machine - |toplevel|processor:inst|controller:inst1|state                                                                       ;
+----------------+-------------+-------------+---------------+----------------+----------------+-----------+--------------+-------------+
; Name           ; state.SHIFT ; state.EXECR ; state.LDR_imm ; state.LDR_reg1 ; state.LDR_reg0 ; state.STR ; state.DECODE ; state.FETCH ;
+----------------+-------------+-------------+---------------+----------------+----------------+-----------+--------------+-------------+
; state.FETCH    ; 0           ; 0           ; 0             ; 0              ; 0              ; 0         ; 0            ; 0           ;
; state.DECODE   ; 0           ; 0           ; 0             ; 0              ; 0              ; 0         ; 1            ; 1           ;
; state.STR      ; 0           ; 0           ; 0             ; 0              ; 0              ; 1         ; 0            ; 1           ;
; state.LDR_reg0 ; 0           ; 0           ; 0             ; 0              ; 1              ; 0         ; 0            ; 1           ;
; state.LDR_reg1 ; 0           ; 0           ; 0             ; 1              ; 0              ; 0         ; 0            ; 1           ;
; state.LDR_imm  ; 0           ; 0           ; 1             ; 0              ; 0              ; 0         ; 0            ; 1           ;
; state.EXECR    ; 0           ; 1           ; 0             ; 0              ; 0              ; 0         ; 0            ; 1           ;
; state.SHIFT    ; 1           ; 0           ; 0             ; 0              ; 0              ; 0         ; 0            ; 1           ;
+----------------+-------------+-------------+---------------+----------------+----------------+-----------+--------------+-------------+


+----------------------------------------------------------------------------------------------------------------------------+
; User-Specified and Inferred Latches                                                                                        ;
+----------------------------------------------------+----------------------------------------------+------------------------+
; Latch Name                                         ; Latch Enable Signal                          ; Free of Timing Hazards ;
+----------------------------------------------------+----------------------------------------------+------------------------+
; processor:inst|controller:inst1|ALUSrcB[1]         ; processor:inst|controller:inst1|state.DECODE ; yes                    ;
; processor:inst|controller:inst1|ALUSrcA            ; processor:inst|controller:inst1|WideOr2      ; yes                    ;
; processor:inst|controller:inst1|ALUOp              ; processor:inst|controller:inst1|WideOr2      ; yes                    ;
; processor:inst|controller:inst1|ResultSrc[0]       ; processor:inst|controller:inst1|state.DECODE ; yes                    ;
; processor:inst|controller:inst1|PCWrite            ; processor:inst|controller:inst1|WideOr8      ; yes                    ;
; processor:inst|controller:inst1|RegWrite           ; processor:inst|controller:inst1|state.DECODE ; yes                    ;
; Number of user-specified and inferred latches = 6  ;                                              ;                        ;
+----------------------------------------------------+----------------------------------------------+------------------------+
Note: All latches listed above may not be present at the end of synthesis due to various synthesis optimizations.


+------------------------------------------------------------------------------------------------------------------------------+
; Registers Removed During Synthesis                                                                                           ;
+----------------------------------------------------------+-------------------------------------------------------------------+
; Register name                                            ; Reason for Removal                                                ;
+----------------------------------------------------------+-------------------------------------------------------------------+
; processor:inst|datapath:inst|Reg_WE:LR|out[0..7]         ; Stuck at GND due to stuck port data_in                            ;
; processor:inst|datapath:inst|regfile:RF|rf[1][0]         ; Stuck at GND due to stuck port data_in                            ;
; processor:inst|datapath:inst|regfile:RF|rf[1][1]         ; Stuck at GND due to stuck port data_in                            ;
; processor:inst|datapath:inst|regfile:RF|rf[1][2]         ; Stuck at GND due to stuck port data_in                            ;
; processor:inst|datapath:inst|regfile:RF|rf[1][3]         ; Stuck at GND due to stuck port data_in                            ;
; processor:inst|datapath:inst|regfile:RF|rf[1][4]         ; Stuck at GND due to stuck port data_in                            ;
; processor:inst|datapath:inst|regfile:RF|rf[1][5]         ; Stuck at GND due to stuck port data_in                            ;
; processor:inst|datapath:inst|regfile:RF|rf[1][6]         ; Stuck at GND due to stuck port data_in                            ;
; processor:inst|datapath:inst|regfile:RF|rf[1][7]         ; Stuck at GND due to stuck port data_in                            ;
; processor:inst|datapath:inst|regfile:RF|rf[2][0]         ; Stuck at GND due to stuck port data_in                            ;
; processor:inst|datapath:inst|regfile:RF|rf[2][1]         ; Stuck at GND due to stuck port data_in                            ;
; processor:inst|datapath:inst|regfile:RF|rf[2][2]         ; Stuck at GND due to stuck port data_in                            ;
; processor:inst|datapath:inst|regfile:RF|rf[2][3]         ; Stuck at GND due to stuck port data_in                            ;
; processor:inst|datapath:inst|regfile:RF|rf[2][4]         ; Stuck at GND due to stuck port data_in                            ;
; processor:inst|datapath:inst|regfile:RF|rf[2][5]         ; Stuck at GND due to stuck port data_in                            ;
; processor:inst|datapath:inst|regfile:RF|rf[2][6]         ; Stuck at GND due to stuck port data_in                            ;
; processor:inst|datapath:inst|regfile:RF|rf[2][7]         ; Stuck at GND due to stuck port data_in                            ;
; processor:inst|datapath:inst|regfile:RF|rf[3][0]         ; Stuck at GND due to stuck port data_in                            ;
; processor:inst|datapath:inst|regfile:RF|rf[3][1]         ; Stuck at GND due to stuck port data_in                            ;
; processor:inst|datapath:inst|regfile:RF|rf[3][2]         ; Stuck at GND due to stuck port data_in                            ;
; processor:inst|datapath:inst|regfile:RF|rf[3][3]         ; Stuck at GND due to stuck port data_in                            ;
; processor:inst|datapath:inst|regfile:RF|rf[3][4]         ; Stuck at GND due to stuck port data_in                            ;
; processor:inst|datapath:inst|regfile:RF|rf[3][5]         ; Stuck at GND due to stuck port data_in                            ;
; processor:inst|datapath:inst|regfile:RF|rf[3][6]         ; Stuck at GND due to stuck port data_in                            ;
; processor:inst|datapath:inst|regfile:RF|rf[3][7]         ; Stuck at GND due to stuck port data_in                            ;
; processor:inst|datapath:inst|regfile:RF|rf[4][0]         ; Stuck at GND due to stuck port data_in                            ;
; processor:inst|datapath:inst|regfile:RF|rf[4][1]         ; Stuck at GND due to stuck port data_in                            ;
; processor:inst|datapath:inst|regfile:RF|rf[4][2]         ; Stuck at GND due to stuck port data_in                            ;
; processor:inst|datapath:inst|regfile:RF|rf[4][3]         ; Stuck at GND due to stuck port data_in                            ;
; processor:inst|datapath:inst|regfile:RF|rf[4][4]         ; Stuck at GND due to stuck port data_in                            ;
; processor:inst|datapath:inst|regfile:RF|rf[4][5]         ; Stuck at GND due to stuck port data_in                            ;
; processor:inst|datapath:inst|regfile:RF|rf[4][6]         ; Stuck at GND due to stuck port data_in                            ;
; processor:inst|datapath:inst|regfile:RF|rf[4][7]         ; Stuck at GND due to stuck port data_in                            ;
; processor:inst|datapath:inst|regfile:RF|rf[5][0]         ; Stuck at GND due to stuck port data_in                            ;
; processor:inst|datapath:inst|regfile:RF|rf[5][1]         ; Stuck at GND due to stuck port data_in                            ;
; processor:inst|datapath:inst|regfile:RF|rf[5][2]         ; Stuck at GND due to stuck port data_in                            ;
; processor:inst|datapath:inst|regfile:RF|rf[5][3]         ; Stuck at GND due to stuck port data_in                            ;
; processor:inst|datapath:inst|regfile:RF|rf[5][4]         ; Stuck at GND due to stuck port data_in                            ;
; processor:inst|datapath:inst|regfile:RF|rf[5][5]         ; Stuck at GND due to stuck port data_in                            ;
; processor:inst|datapath:inst|regfile:RF|rf[5][6]         ; Stuck at GND due to stuck port data_in                            ;
; processor:inst|datapath:inst|regfile:RF|rf[5][7]         ; Stuck at GND due to stuck port data_in                            ;
; processor:inst|datapath:inst|regfile:RF|rf[6][0]         ; Stuck at GND due to stuck port data_in                            ;
; processor:inst|datapath:inst|regfile:RF|rf[6][1]         ; Stuck at GND due to stuck port data_in                            ;
; processor:inst|datapath:inst|regfile:RF|rf[6][2]         ; Stuck at GND due to stuck port data_in                            ;
; processor:inst|datapath:inst|regfile:RF|rf[6][3]         ; Stuck at GND due to stuck port data_in                            ;
; processor:inst|datapath:inst|regfile:RF|rf[6][4]         ; Stuck at GND due to stuck port data_in                            ;
; processor:inst|datapath:inst|regfile:RF|rf[6][5]         ; Stuck at GND due to stuck port data_in                            ;
; processor:inst|datapath:inst|regfile:RF|rf[6][6]         ; Stuck at GND due to stuck port data_in                            ;
; processor:inst|datapath:inst|regfile:RF|rf[6][7]         ; Stuck at GND due to stuck port data_in                            ;
; processor:inst|datapath:inst|regfile:RF|rf[7][0]         ; Stuck at GND due to stuck port data_in                            ;
; processor:inst|datapath:inst|regfile:RF|rf[7][1]         ; Stuck at GND due to stuck port data_in                            ;
; processor:inst|datapath:inst|regfile:RF|rf[7][2]         ; Stuck at GND due to stuck port data_in                            ;
; processor:inst|datapath:inst|regfile:RF|rf[7][3]         ; Stuck at GND due to stuck port data_in                            ;
; processor:inst|datapath:inst|regfile:RF|rf[7][4]         ; Stuck at GND due to stuck port data_in                            ;
; processor:inst|datapath:inst|regfile:RF|rf[7][5]         ; Stuck at GND due to stuck port data_in                            ;
; processor:inst|datapath:inst|regfile:RF|rf[7][6]         ; Stuck at GND due to stuck port data_in                            ;
; processor:inst|datapath:inst|regfile:RF|rf[7][7]         ; Stuck at GND due to stuck port data_in                            ;
; processor:inst|datapath:inst|Reg_Simple:DR|out[0..7]     ; Stuck at GND due to stuck port data_in                            ;
; processor:inst|datapath:inst|Reg_WE:IR|out[0..2]         ; Stuck at GND due to stuck port data_in                            ;
; processor:inst|controller:inst1|state.STR                ; Lost fanout                                                       ;
; processor:inst|controller:inst1|state.LDR_imm            ; Lost fanout                                                       ;
; processor:inst|controller:inst1|state.SHIFT              ; Lost fanout                                                       ;
; processor:inst|controller:inst1|state~2                  ; Lost fanout                                                       ;
; processor:inst|controller:inst1|state~3                  ; Lost fanout                                                       ;
; processor:inst|controller:inst1|state~4                  ; Lost fanout                                                       ;
; processor:inst|controller:inst1|state.LDR_reg0           ; Stuck at GND due to stuck port data_in                            ;
; processor:inst|controller:inst1|state.LDR_reg1           ; Stuck at GND due to stuck port data_in                            ;
; processor:inst|datapath:inst|Reg_Simple:result|out[0..7] ; Lost fanout                                                       ;
; processor:inst|datapath:inst|Reg_Simple:data_B|out[7]    ; Merged with processor:inst|datapath:inst|Reg_Simple:data_A|out[7] ;
; processor:inst|datapath:inst|Reg_Simple:data_B|out[6]    ; Merged with processor:inst|datapath:inst|Reg_Simple:data_A|out[6] ;
; processor:inst|datapath:inst|Reg_Simple:data_B|out[5]    ; Merged with processor:inst|datapath:inst|Reg_Simple:data_A|out[5] ;
; processor:inst|datapath:inst|Reg_Simple:data_B|out[4]    ; Merged with processor:inst|datapath:inst|Reg_Simple:data_A|out[4] ;
; processor:inst|datapath:inst|Reg_Simple:data_B|out[3]    ; Merged with processor:inst|datapath:inst|Reg_Simple:data_A|out[3] ;
; processor:inst|datapath:inst|Reg_Simple:data_B|out[2]    ; Merged with processor:inst|datapath:inst|Reg_Simple:data_A|out[2] ;
; processor:inst|datapath:inst|Reg_Simple:data_B|out[1]    ; Merged with processor:inst|datapath:inst|Reg_Simple:data_A|out[1] ;
; processor:inst|datapath:inst|Reg_Simple:data_B|out[0]    ; Merged with processor:inst|datapath:inst|Reg_Simple:data_A|out[0] ;
; Total Number of Removed Registers = 99                   ;                                                                   ;
+----------------------------------------------------------+-------------------------------------------------------------------+


+--------------------------------------------------------------------------------------------------------------------------------------+
; Removed Registers Triggering Further Register Optimizations                                                                          ;
+--------------------------------------------------+---------------------------+-------------------------------------------------------+
; Register name                                    ; Reason for Removal        ; Registers Removed due to This Register                ;
+--------------------------------------------------+---------------------------+-------------------------------------------------------+
; processor:inst|datapath:inst|regfile:RF|rf[1][0] ; Stuck at GND              ; processor:inst|datapath:inst|Reg_Simple:result|out[0] ;
;                                                  ; due to stuck port data_in ;                                                       ;
; processor:inst|datapath:inst|regfile:RF|rf[1][1] ; Stuck at GND              ; processor:inst|datapath:inst|Reg_Simple:result|out[1] ;
;                                                  ; due to stuck port data_in ;                                                       ;
; processor:inst|datapath:inst|regfile:RF|rf[1][2] ; Stuck at GND              ; processor:inst|datapath:inst|Reg_Simple:result|out[2] ;
;                                                  ; due to stuck port data_in ;                                                       ;
; processor:inst|datapath:inst|regfile:RF|rf[1][3] ; Stuck at GND              ; processor:inst|datapath:inst|Reg_Simple:result|out[3] ;
;                                                  ; due to stuck port data_in ;                                                       ;
; processor:inst|datapath:inst|regfile:RF|rf[1][4] ; Stuck at GND              ; processor:inst|datapath:inst|Reg_Simple:result|out[4] ;
;                                                  ; due to stuck port data_in ;                                                       ;
; processor:inst|datapath:inst|regfile:RF|rf[1][5] ; Stuck at GND              ; processor:inst|datapath:inst|Reg_Simple:result|out[5] ;
;                                                  ; due to stuck port data_in ;                                                       ;
; processor:inst|datapath:inst|regfile:RF|rf[1][6] ; Stuck at GND              ; processor:inst|datapath:inst|Reg_Simple:result|out[6] ;
;                                                  ; due to stuck port data_in ;                                                       ;
; processor:inst|datapath:inst|regfile:RF|rf[1][7] ; Stuck at GND              ; processor:inst|datapath:inst|Reg_Simple:result|out[7] ;
;                                                  ; due to stuck port data_in ;                                                       ;
+--------------------------------------------------+---------------------------+-------------------------------------------------------+


+------------------------------------------------------+
; General Register Statistics                          ;
+----------------------------------------------+-------+
; Statistic                                    ; Value ;
+----------------------------------------------+-------+
; Total registers                              ; 31    ;
; Number of registers using Synchronous Clear  ; 2     ;
; Number of registers using Synchronous Load   ; 8     ;
; Number of registers using Asynchronous Clear ; 0     ;
; Number of registers using Asynchronous Load  ; 0     ;
; Number of registers using Clock Enable       ; 12    ;
; Number of registers using Preset             ; 0     ;
+----------------------------------------------+-------+


+--------------------------------------------------------------------------------------------------------------------------------------------------------------------------------+
; Multiplexer Restructuring Statistics (Restructuring Performed)                                                                                                                 ;
+--------------------+-----------+---------------+----------------------+------------------------+------------+------------------------------------------------------------------+
; Multiplexer Inputs ; Bus Width ; Baseline Area ; Area if Restructured ; Saving if Restructured ; Registered ; Example Multiplexer Output                                       ;
+--------------------+-----------+---------------+----------------------+------------------------+------------+------------------------------------------------------------------+
; 3:1                ; 4 bits    ; 8 LEs         ; 4 LEs                ; 4 LEs                  ; Yes        ; |toplevel|processor:inst|controller:inst1|Reg_WE:flagreg1|out[1] ;
; 3:1                ; 8 bits    ; 16 LEs        ; 8 LEs                ; 8 LEs                  ; Yes        ; |toplevel|processor:inst|datapath:inst|Reg_WE:PC|out[7]          ;
; 4:1                ; 8 bits    ; 16 LEs        ; 16 LEs               ; 0 LEs                  ; No         ; |toplevel|processor:inst|datapath:inst|Mux4to1:result_mux|Mux0   ;
+--------------------+-----------+---------------+----------------------+------------------------+------------+------------------------------------------------------------------+


+------------------------------------------------------------------------------+
; Parameter Settings for User Entity Instance: processor:inst|controller:inst1 ;
+----------------+-------+-----------------------------------------------------+
; Parameter Name ; Value ; Type                                                ;
+----------------+-------+-----------------------------------------------------+
; FETCH          ; 000   ; Unsigned Binary                                     ;
; DECODE         ; 001   ; Unsigned Binary                                     ;
; STR            ; 010   ; Unsigned Binary                                     ;
; LDR_reg0       ; 011   ; Unsigned Binary                                     ;
; LDR_reg1       ; 100   ; Unsigned Binary                                     ;
; LDR_imm        ; 101   ; Unsigned Binary                                     ;
; EXECR          ; 110   ; Unsigned Binary                                     ;
; SHIFT          ; 111   ; Unsigned Binary                                     ;
+----------------+-------+-----------------------------------------------------+
Note: In order to hide this table in the UI and the text report file, please set the "Show Parameter Settings in Synthesis Report" option in "Analysis and Synthesis Settings -> More Settings" to "Off".


+----------------------------------------------------------------------------------------------+
; Parameter Settings for User Entity Instance: processor:inst|controller:inst1|Reg_WE:flagreg1 ;
+----------------+-------+---------------------------------------------------------------------+
; Parameter Name ; Value ; Type                                                                ;
+----------------+-------+---------------------------------------------------------------------+
; W              ; 2     ; Signed Integer                                                      ;
+----------------+-------+---------------------------------------------------------------------+
Note: In order to hide this table in the UI and the text report file, please set the "Show Parameter Settings in Synthesis Report" option in "Analysis and Synthesis Settings -> More Settings" to "Off".


+----------------------------------------------------------------------------------------------+
; Parameter Settings for User Entity Instance: processor:inst|controller:inst1|Reg_WE:flagreg0 ;
+----------------+-------+---------------------------------------------------------------------+
; Parameter Name ; Value ; Type                                                                ;
+----------------+-------+---------------------------------------------------------------------+
; W              ; 2     ; Signed Integer                                                      ;
+----------------+-------+---------------------------------------------------------------------+
Note: In order to hide this table in the UI and the text report file, please set the "Show Parameter Settings in Synthesis Report" option in "Analysis and Synthesis Settings -> More Settings" to "Off".


+-----------------------------------------------------------------------------------------------+
; Parameter Settings for User Entity Instance: processor:inst|datapath:inst|Mux2to1:Addrsrc_mux ;
+----------------+-------+----------------------------------------------------------------------+
; Parameter Name ; Value ; Type                                                                 ;
+----------------+-------+----------------------------------------------------------------------+
; W              ; 8     ; Signed Integer                                                       ;
+----------------+-------+----------------------------------------------------------------------+
Note: In order to hide this table in the UI and the text report file, please set the "Show Parameter Settings in Synthesis Report" option in "Analysis and Synthesis Settings -> More Settings" to "Off".


+-------------------------------------------------------------------------------------+
; Parameter Settings for User Entity Instance: processor:inst|datapath:inst|Reg_WE:PC ;
+----------------+-------+------------------------------------------------------------+
; Parameter Name ; Value ; Type                                                       ;
+----------------+-------+------------------------------------------------------------+
; W              ; 8     ; Signed Integer                                             ;
+----------------+-------+------------------------------------------------------------+
Note: In order to hide this table in the UI and the text report file, please set the "Show Parameter Settings in Synthesis Report" option in "Analysis and Synthesis Settings -> More Settings" to "Off".


+---------------------------------------------------------------------------------------------+
; Parameter Settings for User Entity Instance: processor:inst|datapath:inst|Mux4to1:PCSrc_mux ;
+----------------+-------+--------------------------------------------------------------------+
; Parameter Name ; Value ; Type                                                               ;
+----------------+-------+--------------------------------------------------------------------+
; W              ; 8     ; Signed Integer                                                     ;
+----------------+-------+--------------------------------------------------------------------+
Note: In order to hide this table in the UI and the text report file, please set the "Show Parameter Settings in Synthesis Report" option in "Analysis and Synthesis Settings -> More Settings" to "Off".


+----------------------------------------------------------------------------------------------+
; Parameter Settings for User Entity Instance: processor:inst|datapath:inst|Mux4to1:result_mux ;
+----------------+-------+---------------------------------------------------------------------+
; Parameter Name ; Value ; Type                                                                ;
+----------------+-------+---------------------------------------------------------------------+
; W              ; 8     ; Signed Integer                                                      ;
+----------------+-------+---------------------------------------------------------------------+
Note: In order to hide this table in the UI and the text report file, please set the "Show Parameter Settings in Synthesis Report" option in "Analysis and Synthesis Settings -> More Settings" to "Off".


+---------------------------------------------------------------------------------------------+
; Parameter Settings for User Entity Instance: processor:inst|datapath:inst|Reg_Simple:result ;
+----------------+-------+--------------------------------------------------------------------+
; Parameter Name ; Value ; Type                                                               ;
+----------------+-------+--------------------------------------------------------------------+
; W              ; 8     ; Signed Integer                                                     ;
+----------------+-------+--------------------------------------------------------------------+
Note: In order to hide this table in the UI and the text report file, please set the "Show Parameter Settings in Synthesis Report" option in "Analysis and Synthesis Settings -> More Settings" to "Off".


+--------------------------------------------------------------------------------------+
; Parameter Settings for User Entity Instance: processor:inst|datapath:inst|ALU:inst14 ;
+----------------+-------+-------------------------------------------------------------+
; Parameter Name ; Value ; Type                                                        ;
+----------------+-------+-------------------------------------------------------------+
; W              ; 8     ; Signed Integer                                              ;
+----------------+-------+-------------------------------------------------------------+
Note: In order to hide this table in the UI and the text report file, please set the "Show Parameter Settings in Synthesis Report" option in "Analysis and Synthesis Settings -> More Settings" to "Off".


+--------------------------------------------------------------------------------------------+
; Parameter Settings for User Entity Instance: processor:inst|datapath:inst|Mux2to1:srcA_mux ;
+----------------+-------+-------------------------------------------------------------------+
; Parameter Name ; Value ; Type                                                              ;
+----------------+-------+-------------------------------------------------------------------+
; W              ; 8     ; Signed Integer                                                    ;
+----------------+-------+-------------------------------------------------------------------+
Note: In order to hide this table in the UI and the text report file, please set the "Show Parameter Settings in Synthesis Report" option in "Analysis and Synthesis Settings -> More Settings" to "Off".


+---------------------------------------------------------------------------------------------+
; Parameter Settings for User Entity Instance: processor:inst|datapath:inst|Reg_Simple:data_A ;
+----------------+-------+--------------------------------------------------------------------+
; Parameter Name ; Value ; Type                                                               ;
+----------------+-------+--------------------------------------------------------------------+
; W              ; 8     ; Signed Integer                                                     ;
+----------------+-------+--------------------------------------------------------------------+
Note: In order to hide this table in the UI and the text report file, please set the "Show Parameter Settings in Synthesis Report" option in "Analysis and Synthesis Settings -> More Settings" to "Off".


+-------------------------------------------------------------------------------------------+
; Parameter Settings for User Entity Instance: processor:inst|datapath:inst|Mux2to1:Regsrc1 ;
+----------------+-------+------------------------------------------------------------------+
; Parameter Name ; Value ; Type                                                             ;
+----------------+-------+------------------------------------------------------------------+
; W              ; 3     ; Signed Integer                                                   ;
+----------------+-------+------------------------------------------------------------------+
Note: In order to hide this table in the UI and the text report file, please set the "Show Parameter Settings in Synthesis Report" option in "Analysis and Synthesis Settings -> More Settings" to "Off".


+-------------------------------------------------------------------------------------------+
; Parameter Settings for User Entity Instance: processor:inst|datapath:inst|Mux2to1:Regsrc2 ;
+----------------+-------+------------------------------------------------------------------+
; Parameter Name ; Value ; Type                                                             ;
+----------------+-------+------------------------------------------------------------------+
; W              ; 3     ; Signed Integer                                                   ;
+----------------+-------+------------------------------------------------------------------+
Note: In order to hide this table in the UI and the text report file, please set the "Show Parameter Settings in Synthesis Report" option in "Analysis and Synthesis Settings -> More Settings" to "Off".


+-------------------------------------------------------------------------------------+
; Parameter Settings for User Entity Instance: processor:inst|datapath:inst|Reg_WE:IR ;
+----------------+-------+------------------------------------------------------------+
; Parameter Name ; Value ; Type                                                       ;
+----------------+-------+------------------------------------------------------------+
; W              ; 16    ; Signed Integer                                             ;
+----------------+-------+------------------------------------------------------------+
Note: In order to hide this table in the UI and the text report file, please set the "Show Parameter Settings in Synthesis Report" option in "Analysis and Synthesis Settings -> More Settings" to "Off".


+--------------------------------------------------------------------------------------------+
; Parameter Settings for User Entity Instance: processor:inst|datapath:inst|Mux4to1:srcB_mux ;
+----------------+-------+-------------------------------------------------------------------+
; Parameter Name ; Value ; Type                                                              ;
+----------------+-------+-------------------------------------------------------------------+
; W              ; 8     ; Signed Integer                                                    ;
+----------------+-------+-------------------------------------------------------------------+
Note: In order to hide this table in the UI and the text report file, please set the "Show Parameter Settings in Synthesis Report" option in "Analysis and Synthesis Settings -> More Settings" to "Off".


+---------------------------------------------------------------------------------------------+
; Parameter Settings for User Entity Instance: processor:inst|datapath:inst|Reg_Simple:data_B ;
+----------------+-------+--------------------------------------------------------------------+
; Parameter Name ; Value ; Type                                                               ;
+----------------+-------+--------------------------------------------------------------------+
; W              ; 8     ; Signed Integer                                                     ;
+----------------+-------+--------------------------------------------------------------------+
Note: In order to hide this table in the UI and the text report file, please set the "Show Parameter Settings in Synthesis Report" option in "Analysis and Synthesis Settings -> More Settings" to "Off".


+---------------------------------------------------------------------------------------------------------+
; Parameter Settings for User Entity Instance: processor:inst|datapath:inst|constantValueGenerator:const1 ;
+----------------+-------+--------------------------------------------------------------------------------+
; Parameter Name ; Value ; Type                                                                           ;
+----------------+-------+--------------------------------------------------------------------------------+
; W              ; 8     ; Signed Integer                                                                 ;
; C              ; 1     ; Signed Integer                                                                 ;
+----------------+-------+--------------------------------------------------------------------------------+
Note: In order to hide this table in the UI and the text report file, please set the "Show Parameter Settings in Synthesis Report" option in "Analysis and Synthesis Settings -> More Settings" to "Off".


+-----------------------------------------------------------------------------------------+
; Parameter Settings for User Entity Instance: processor:inst|datapath:inst|Reg_Simple:DR ;
+----------------+-------+----------------------------------------------------------------+
; Parameter Name ; Value ; Type                                                           ;
+----------------+-------+----------------------------------------------------------------+
; W              ; 8     ; Signed Integer                                                 ;
+----------------+-------+----------------------------------------------------------------+
Note: In order to hide this table in the UI and the text report file, please set the "Show Parameter Settings in Synthesis Report" option in "Analysis and Synthesis Settings -> More Settings" to "Off".


+-------------------------------------------------------------------------------------+
; Parameter Settings for User Entity Instance: processor:inst|datapath:inst|Reg_WE:LR ;
+----------------+-------+------------------------------------------------------------+
; Parameter Name ; Value ; Type                                                       ;
+----------------+-------+------------------------------------------------------------+
; W              ; 8     ; Signed Integer                                             ;
+----------------+-------+------------------------------------------------------------+
Note: In order to hide this table in the UI and the text report file, please set the "Show Parameter Settings in Synthesis Report" option in "Analysis and Synthesis Settings -> More Settings" to "Off".


+-----------------------------------------------------+
; Post-Synthesis Netlist Statistics for Top Partition ;
+-----------------------+-----------------------------+
; Type                  ; Count                       ;
+-----------------------+-----------------------------+
; boundary_port         ; 14                          ;
; cycloneiii_ff         ; 31                          ;
;     ENA               ; 10                          ;
;     ENA SCLR          ; 2                           ;
;     SLD               ; 8                           ;
;     plain             ; 11                          ;
; cycloneiii_lcell_comb ; 69                          ;
;     arith             ; 8                           ;
;         3 data inputs ; 8                           ;
;     normal            ; 61                          ;
;         0 data inputs ; 2                           ;
;         2 data inputs ; 31                          ;
;         3 data inputs ; 23                          ;
;         4 data inputs ; 5                           ;
;                       ;                             ;
; Max LUT depth         ; 4.60                        ;
; Average LUT depth     ; 3.05                        ;
+-----------------------+-----------------------------+


+-------------------------------+
; Elapsed Time Per Partition    ;
+----------------+--------------+
; Partition Name ; Elapsed Time ;
+----------------+--------------+
; Top            ; 00:00:00     ;
+----------------+--------------+


+-------------------------------+
; Analysis & Synthesis Messages ;
+-------------------------------+
Info: *******************************************************************
Info: Running Quartus Prime Analysis & Synthesis
    Info: Version 16.0.0 Build 211 04/27/2016 SJ Lite Edition
    Info: Processing started: Fri May 11 05:01:30 2018
Info: Command: quartus_map --read_settings_files=on --write_settings_files=off lab4 -c lab4
Warning (18236): Number of processors has not been specified which may cause overloading on shared machines.  Set the global assignment NUM_PARALLEL_PROCESSORS in your QSF to an appropriate value for best performance.
Info (20030): Parallel compilation is enabled and will use 4 of the 4 processors detected
Info (12021): Found 1 design units, including 1 entities, in source file shifter.v
    Info (12023): Found entity 1: shifter File: C:/Users/AhmetSalih/Documents/GitHub/446/Lab/Lab4/lab4/shifter.v Line: 1
Info (12021): Found 1 design units, including 1 entities, in source file regfile.v
    Info (12023): Found entity 1: regfile File: C:/Users/AhmetSalih/Documents/GitHub/446/Lab/Lab4/lab4/regfile.v Line: 1
Info (12021): Found 1 design units, including 1 entities, in source file reg_we.v
    Info (12023): Found entity 1: Reg_WE File: C:/Users/AhmetSalih/Documents/GitHub/446/Lab/Lab4/lab4/Reg_WE.v Line: 1
Info (12021): Found 1 design units, including 1 entities, in source file reg_simple.v
    Info (12023): Found entity 1: Reg_Simple File: C:/Users/AhmetSalih/Documents/GitHub/446/Lab/Lab4/lab4/Reg_Simple.v Line: 1
Info (12021): Found 1 design units, including 1 entities, in source file reg_shift.v
    Info (12023): Found entity 1: Reg_Shift File: C:/Users/AhmetSalih/Documents/GitHub/446/Lab/Lab4/lab4/Reg_Shift.v Line: 1
Info (12021): Found 1 design units, including 1 entities, in source file mux16to1.v
    Info (12023): Found entity 1: Mux16to1 File: C:/Users/AhmetSalih/Documents/GitHub/446/Lab/Lab4/lab4/Mux16to1.v Line: 1
Info (12021): Found 1 design units, including 1 entities, in source file mux4to1.v
    Info (12023): Found entity 1: Mux4to1 File: C:/Users/AhmetSalih/Documents/GitHub/446/Lab/Lab4/lab4/Mux4to1.v Line: 1
Info (12021): Found 1 design units, including 1 entities, in source file mux2to1.v
    Info (12023): Found entity 1: Mux2to1 File: C:/Users/AhmetSalih/Documents/GitHub/446/Lab/Lab4/lab4/Mux2to1.v Line: 1
Info (12021): Found 1 design units, including 1 entities, in source file imem.v
    Info (12023): Found entity 1: imem File: C:/Users/AhmetSalih/Documents/GitHub/446/Lab/Lab4/lab4/imem.v Line: 1
Info (12021): Found 1 design units, including 1 entities, in source file extend.v
    Info (12023): Found entity 1: extend File: C:/Users/AhmetSalih/Documents/GitHub/446/Lab/Lab4/lab4/extend.v Line: 1
Info (12021): Found 1 design units, including 1 entities, in source file dmem.v
    Info (12023): Found entity 1: dmem File: C:/Users/AhmetSalih/Documents/GitHub/446/Lab/Lab4/lab4/dmem.v Line: 1
Info (12021): Found 1 design units, including 1 entities, in source file decoder4to16.v
    Info (12023): Found entity 1: Decoder4to16 File: C:/Users/AhmetSalih/Documents/GitHub/446/Lab/Lab4/lab4/Decoder4to16.v Line: 1
Info (12021): Found 1 design units, including 1 entities, in source file decoder2to4.v
    Info (12023): Found entity 1: Decoder2to4 File: C:/Users/AhmetSalih/Documents/GitHub/446/Lab/Lab4/lab4/Decoder2to4.v Line: 1
Info (12021): Found 1 design units, including 1 entities, in source file constantvaluegenerator.v
    Info (12023): Found entity 1: constantValueGenerator File: C:/Users/AhmetSalih/Documents/GitHub/446/Lab/Lab4/lab4/constantValueGenerator.v Line: 1
Info (12021): Found 1 design units, including 1 entities, in source file alu.v
    Info (12023): Found entity 1: ALU File: C:/Users/AhmetSalih/Documents/GitHub/446/Lab/Lab4/lab4/ALU.v Line: 1
Info (12021): Found 1 design units, including 1 entities, in source file adder.v
    Info (12023): Found entity 1: adder File: C:/Users/AhmetSalih/Documents/GitHub/446/Lab/Lab4/lab4/adder.v Line: 1
Info (12021): Found 1 design units, including 1 entities, in source file datapath.bdf
    Info (12023): Found entity 1: datapath
Info (12021): Found 1 design units, including 1 entities, in source file controller.v
    Info (12023): Found entity 1: controller File: C:/Users/AhmetSalih/Documents/GitHub/446/Lab/Lab4/lab4/controller.v Line: 1
Info (12021): Found 1 design units, including 1 entities, in source file processor.bdf
    Info (12023): Found entity 1: processor
Info (12021): Found 1 design units, including 1 entities, in source file toplevel.bdf
    Info (12023): Found entity 1: toplevel
Info (12127): Elaborating entity "toplevel" for the top level hierarchy
Info (12128): Elaborating entity "processor" for hierarchy "processor:inst"
Info (12128): Elaborating entity "controller" for hierarchy "processor:inst|controller:inst1"
Warning (10230): Verilog HDL assignment warning at controller.v(34): truncated value with size 32 to match size of target (2) File: C:/Users/AhmetSalih/Documents/GitHub/446/Lab/Lab4/lab4/controller.v Line: 34
Warning (10235): Verilog HDL Always Construct warning at controller.v(43): variable "Instr" is read inside the Always Construct but isn't in the Always Construct's Event Control File: C:/Users/AhmetSalih/Documents/GitHub/446/Lab/Lab4/lab4/controller.v Line: 43
Warning (10235): Verilog HDL Always Construct warning at controller.v(46): variable "Instr" is read inside the Always Construct but isn't in the Always Construct's Event Control File: C:/Users/AhmetSalih/Documents/GitHub/446/Lab/Lab4/lab4/controller.v Line: 46
Warning (10235): Verilog HDL Always Construct warning at controller.v(47): variable "Instr" is read inside the Always Construct but isn't in the Always Construct's Event Control File: C:/Users/AhmetSalih/Documents/GitHub/446/Lab/Lab4/lab4/controller.v Line: 47
Warning (10235): Verilog HDL Always Construct warning at controller.v(92): variable "Instr" is read inside the Always Construct but isn't in the Always Construct's Event Control File: C:/Users/AhmetSalih/Documents/GitHub/446/Lab/Lab4/lab4/controller.v Line: 92
Warning (10240): Verilog HDL Always Construct warning at controller.v(26): inferring latch(es) for variable "MemWrite", which holds its previous value in one or more paths through the always construct File: C:/Users/AhmetSalih/Documents/GitHub/446/Lab/Lab4/lab4/controller.v Line: 26
Warning (10240): Verilog HDL Always Construct warning at controller.v(26): inferring latch(es) for variable "AddrSrc", which holds its previous value in one or more paths through the always construct File: C:/Users/AhmetSalih/Documents/GitHub/446/Lab/Lab4/lab4/controller.v Line: 26
Warning (10240): Verilog HDL Always Construct warning at controller.v(26): inferring latch(es) for variable "IRWrite", which holds its previous value in one or more paths through the always construct File: C:/Users/AhmetSalih/Documents/GitHub/446/Lab/Lab4/lab4/controller.v Line: 26
Warning (10240): Verilog HDL Always Construct warning at controller.v(26): inferring latch(es) for variable "ALUSrcA", which holds its previous value in one or more paths through the always construct File: C:/Users/AhmetSalih/Documents/GitHub/446/Lab/Lab4/lab4/controller.v Line: 26
Warning (10240): Verilog HDL Always Construct warning at controller.v(26): inferring latch(es) for variable "ALUSrcB", which holds its previous value in one or more paths through the always construct File: C:/Users/AhmetSalih/Documents/GitHub/446/Lab/Lab4/lab4/controller.v Line: 26
Warning (10240): Verilog HDL Always Construct warning at controller.v(26): inferring latch(es) for variable "ResultSrc", which holds its previous value in one or more paths through the always construct File: C:/Users/AhmetSalih/Documents/GitHub/446/Lab/Lab4/lab4/controller.v Line: 26
Warning (10240): Verilog HDL Always Construct warning at controller.v(26): inferring latch(es) for variable "PCWrite", which holds its previous value in one or more paths through the always construct File: C:/Users/AhmetSalih/Documents/GitHub/446/Lab/Lab4/lab4/controller.v Line: 26
Warning (10240): Verilog HDL Always Construct warning at controller.v(26): inferring latch(es) for variable "RegWrite", which holds its previous value in one or more paths through the always construct File: C:/Users/AhmetSalih/Documents/GitHub/446/Lab/Lab4/lab4/controller.v Line: 26
Warning (10240): Verilog HDL Always Construct warning at controller.v(26): inferring latch(es) for variable "ALUOp", which holds its previous value in one or more paths through the always construct File: C:/Users/AhmetSalih/Documents/GitHub/446/Lab/Lab4/lab4/controller.v Line: 26
Warning (10240): Verilog HDL Always Construct warning at controller.v(26): inferring latch(es) for variable "sh", which holds its previous value in one or more paths through the always construct File: C:/Users/AhmetSalih/Documents/GitHub/446/Lab/Lab4/lab4/controller.v Line: 26
Warning (10270): Verilog HDL Case Statement warning at controller.v(167): incomplete case statement has no default case item File: C:/Users/AhmetSalih/Documents/GitHub/446/Lab/Lab4/lab4/controller.v Line: 167
Warning (10240): Verilog HDL Always Construct warning at controller.v(144): inferring latch(es) for variable "Branch", which holds its previous value in one or more paths through the always construct File: C:/Users/AhmetSalih/Documents/GitHub/446/Lab/Lab4/lab4/controller.v Line: 144
Warning (10240): Verilog HDL Always Construct warning at controller.v(144): inferring latch(es) for variable "LRWrite", which holds its previous value in one or more paths through the always construct File: C:/Users/AhmetSalih/Documents/GitHub/446/Lab/Lab4/lab4/controller.v Line: 144
Warning (10240): Verilog HDL Always Construct warning at controller.v(144): inferring latch(es) for variable "PCSrc", which holds its previous value in one or more paths through the always construct File: C:/Users/AhmetSalih/Documents/GitHub/446/Lab/Lab4/lab4/controller.v Line: 144
Info (10041): Inferred latch for "PCSrc[0]" at controller.v(193) File: C:/Users/AhmetSalih/Documents/GitHub/446/Lab/Lab4/lab4/controller.v Line: 193
Info (10041): Inferred latch for "PCSrc[1]" at controller.v(193) File: C:/Users/AhmetSalih/Documents/GitHub/446/Lab/Lab4/lab4/controller.v Line: 193
Info (10041): Inferred latch for "LRWrite" at controller.v(193) File: C:/Users/AhmetSalih/Documents/GitHub/446/Lab/Lab4/lab4/controller.v Line: 193
Info (10041): Inferred latch for "sh[0]" at controller.v(26) File: C:/Users/AhmetSalih/Documents/GitHub/446/Lab/Lab4/lab4/controller.v Line: 26
Info (10041): Inferred latch for "sh[1]" at controller.v(26) File: C:/Users/AhmetSalih/Documents/GitHub/446/Lab/Lab4/lab4/controller.v Line: 26
Info (10041): Inferred latch for "sh[2]" at controller.v(26) File: C:/Users/AhmetSalih/Documents/GitHub/446/Lab/Lab4/lab4/controller.v Line: 26
Info (10041): Inferred latch for "ALUOp" at controller.v(26) File: C:/Users/AhmetSalih/Documents/GitHub/446/Lab/Lab4/lab4/controller.v Line: 26
Info (10041): Inferred latch for "RegWrite" at controller.v(26) File: C:/Users/AhmetSalih/Documents/GitHub/446/Lab/Lab4/lab4/controller.v Line: 26
Info (10041): Inferred latch for "PCWrite" at controller.v(26) File: C:/Users/AhmetSalih/Documents/GitHub/446/Lab/Lab4/lab4/controller.v Line: 26
Info (10041): Inferred latch for "ResultSrc[0]" at controller.v(26) File: C:/Users/AhmetSalih/Documents/GitHub/446/Lab/Lab4/lab4/controller.v Line: 26
Info (10041): Inferred latch for "ResultSrc[1]" at controller.v(26) File: C:/Users/AhmetSalih/Documents/GitHub/446/Lab/Lab4/lab4/controller.v Line: 26
Info (10041): Inferred latch for "ALUSrcB[0]" at controller.v(26) File: C:/Users/AhmetSalih/Documents/GitHub/446/Lab/Lab4/lab4/controller.v Line: 26
Info (10041): Inferred latch for "ALUSrcB[1]" at controller.v(26) File: C:/Users/AhmetSalih/Documents/GitHub/446/Lab/Lab4/lab4/controller.v Line: 26
Info (10041): Inferred latch for "ALUSrcA" at controller.v(26) File: C:/Users/AhmetSalih/Documents/GitHub/446/Lab/Lab4/lab4/controller.v Line: 26
Info (10041): Inferred latch for "IRWrite" at controller.v(26) File: C:/Users/AhmetSalih/Documents/GitHub/446/Lab/Lab4/lab4/controller.v Line: 26
Info (10041): Inferred latch for "AddrSrc" at controller.v(26) File: C:/Users/AhmetSalih/Documents/GitHub/446/Lab/Lab4/lab4/controller.v Line: 26
Info (10041): Inferred latch for "MemWrite" at controller.v(26) File: C:/Users/AhmetSalih/Documents/GitHub/446/Lab/Lab4/lab4/controller.v Line: 26
Info (12128): Elaborating entity "Reg_WE" for hierarchy "processor:inst|controller:inst1|Reg_WE:flagreg1" File: C:/Users/AhmetSalih/Documents/GitHub/446/Lab/Lab4/lab4/controller.v Line: 22
Info (12128): Elaborating entity "datapath" for hierarchy "processor:inst|datapath:inst"
Warning (275043): Pin "Instr[15..0]" is missing source
Info (12128): Elaborating entity "Mux2to1" for hierarchy "processor:inst|datapath:inst|Mux2to1:Addrsrc_mux"
Info (12128): Elaborating entity "Reg_WE" for hierarchy "processor:inst|datapath:inst|Reg_WE:PC"
Info (12128): Elaborating entity "Mux4to1" for hierarchy "processor:inst|datapath:inst|Mux4to1:PCSrc_mux"
Info (12128): Elaborating entity "Reg_Simple" for hierarchy "processor:inst|datapath:inst|Reg_Simple:result"
Info (12128): Elaborating entity "ALU" for hierarchy "processor:inst|datapath:inst|ALU:inst14"
Info (12128): Elaborating entity "regfile" for hierarchy "processor:inst|datapath:inst|regfile:RF"
Info (12128): Elaborating entity "Mux2to1" for hierarchy "processor:inst|datapath:inst|Mux2to1:Regsrc1"
Info (12128): Elaborating entity "Reg_WE" for hierarchy "processor:inst|datapath:inst|Reg_WE:IR"
Info (12128): Elaborating entity "constantValueGenerator" for hierarchy "processor:inst|datapath:inst|constantValueGenerator:const1"
Warning (10230): Verilog HDL assignment warning at constantValueGenerator.v(6): truncated value with size 32 to match size of target (8) File: C:/Users/AhmetSalih/Documents/GitHub/446/Lab/Lab4/lab4/constantValueGenerator.v Line: 6
Info (12128): Elaborating entity "shifter" for hierarchy "processor:inst|datapath:inst|shifter:inst19"
Info (12128): Elaborating entity "dmem" for hierarchy "dmem:inst1"
Warning (10850): Verilog HDL warning at dmem.v(8): number of words (16) in memory file does not match the number of elements in the address range [0:63] File: C:/Users/AhmetSalih/Documents/GitHub/446/Lab/Lab4/lab4/dmem.v Line: 8
Info (276014): Found 1 instances of uninferred RAM logic
    Info (276007): RAM logic "dmem:inst1|RAM" is uninferred due to asynchronous read logic File: C:/Users/AhmetSalih/Documents/GitHub/446/Lab/Lab4/lab4/dmem.v Line: 5
Warning (127007): Memory Initialization File or Hexadecimal (Intel-Format) File "C:/Users/AhmetSalih/Documents/GitHub/446/Lab/Lab4/lab4/db/lab4.ram0_dmem_351e6b.hdl.mif" contains "don't care" values -- overwriting them with 0s
Warning (13012): Latch processor:inst|controller:inst1|ALUSrcA has unsafe behavior File: C:/Users/AhmetSalih/Documents/GitHub/446/Lab/Lab4/lab4/controller.v Line: 5
    Warning (13013): Ports D and ENA on the latch are fed by the same signal processor:inst|controller:inst1|state.EXECR File: C:/Users/AhmetSalih/Documents/GitHub/446/Lab/Lab4/lab4/controller.v Line: 18
Warning (13012): Latch processor:inst|controller:inst1|ALUOp has unsafe behavior File: C:/Users/AhmetSalih/Documents/GitHub/446/Lab/Lab4/lab4/controller.v Line: 20
    Warning (13013): Ports D and ENA on the latch are fed by the same signal processor:inst|controller:inst1|state.EXECR File: C:/Users/AhmetSalih/Documents/GitHub/446/Lab/Lab4/lab4/controller.v Line: 18
Warning (13012): Latch processor:inst|controller:inst1|PCWrite has unsafe behavior File: C:/Users/AhmetSalih/Documents/GitHub/446/Lab/Lab4/lab4/controller.v Line: 5
    Warning (13013): Ports D and ENA on the latch are fed by the same signal processor:inst|controller:inst1|state.DECODE File: C:/Users/AhmetSalih/Documents/GitHub/446/Lab/Lab4/lab4/controller.v Line: 18
Warning (13024): Output pins are stuck at VCC or GND
    Warning (13410): Pin "LR[7]" is stuck at GND
    Warning (13410): Pin "LR[6]" is stuck at GND
    Warning (13410): Pin "LR[5]" is stuck at GND
    Warning (13410): Pin "LR[4]" is stuck at GND
    Warning (13410): Pin "LR[3]" is stuck at GND
    Warning (13410): Pin "LR[2]" is stuck at GND
    Warning (13410): Pin "LR[1]" is stuck at GND
    Warning (13410): Pin "LR[0]" is stuck at GND
Info (286030): Timing-Driven Synthesis is running
Info (17049): 14 registers lost all their fanouts during netlist optimizations.
Info (16010): Generating hard_block partition "hard_block:auto_generated_inst"
    Info (16011): Adding 0 node(s), including 0 DDIO, 0 PLL, 0 transceiver and 0 LCELL
Info (21057): Implemented 97 device resources after synthesis - the final resource count might be different
    Info (21058): Implemented 2 input pins
    Info (21059): Implemented 12 output pins
    Info (21061): Implemented 83 logic cells
Info: Quartus Prime Analysis & Synthesis was successful. 0 errors, 39 warnings
    Info: Peak virtual memory: 912 megabytes
    Info: Processing ended: Fri May 11 05:01:39 2018
    Info: Elapsed time: 00:00:09
    Info: Total CPU time (on all processors): 00:00:17


